# JRE version: OpenJDK Runtime Environment (11.0.10) (build 11.0.10+0-b96-7249189)
# Java VM: OpenJDK 64-Bit Server VM (11.0.10+0-b96-7249189, mixed mode, tiered, compressed oops, g1 gc, windows-amd64)
Heap:
 garbage-first heap   total 700416K, used 310748K [0x0000000080000000, 0x0000000100000000)
  region size 1024K, 3 young (3072K), 3 survivors (3072K)
 Metaspace       used 139061K, capacity 143038K, committed 143232K, reserved 1173504K
  class space    used 17231K, capacity 18706K, committed 18816K, reserved 1048576K
GC Heap History (20 events):
Event: 93.476 GC heap after
{Heap after GC invocations=96 (full 0):
 garbage-first heap   total 350208K, used 294215K [0x0000000080000000, 0x0000000100000000)
  region size 1024K, 5 young (5120K), 5 survivors (5120K)
 Metaspace       used 138770K, capacity 142706K, committed 142976K, reserved 1173504K
  class space    used 17226K, capacity 18706K, committed 18816K, reserved 1048576K
}
Event: 93.736 GC heap before
{Heap before GC invocations=96 (full 0):
 garbage-first heap   total 350208K, used 272711K [0x0000000080000000, 0x0000000100000000)
  region size 1024K, 17 young (17408K), 5 survivors (5120K)
 Metaspace       used 138770K, capacity 142706K, committed 142976K, reserved 1173504K
  class space    used 17226K, capacity 18706K, committed 18816K, reserved 1048576K
}
Event: 93.756 GC heap after
{Heap after GC invocations=97 (full 0):
 garbage-first heap   total 350208K, used 266150K [0x0000000080000000, 0x0000000100000000)
  region size 1024K, 3 young (3072K), 3 survivors (3072K)
 Metaspace       used 138770K, capacity 142706K, committed 142976K, reserved 1173504K
  class space    used 17226K, capacity 18706K, committed 18816K, reserved 1048576K
}
Event: 94.247 GC heap before
{Heap before GC invocations=98 (full 0):
 garbage-first heap   total 350208K, used 293798K [0x0000000080000000, 0x0000000100000000)
  region size 1024K, 28 young (28672K), 3 survivors (3072K)
 Metaspace       used 138770K, capacity 142706K, committed 142976K, reserved 1173504K
  class space    used 17226K, capacity 18706K, committed 18816K, reserved 1048576K
}
Event: 94.278 GC heap after
{Heap after GC invocations=99 (full 0):
 garbage-first heap   total 350208K, used 278528K [0x0000000080000000, 0x0000000100000000)
  region size 1024K, 4 young (4096K), 4 survivors (4096K)
 Metaspace       used 138770K, capacity 142706K, committed 142976K, reserved 1173504K
  class space    used 17226K, capacity 18706K, committed 18816K, reserved 1048576K
}
Event: 94.481 GC heap before
{Heap before GC invocations=99 (full 0):
 garbage-first heap   total 350208K, used 291840K [0x0000000080000000, 0x0000000100000000)
  region size 1024K, 17 young (17408K), 4 survivors (4096K)
 Metaspace       used 138770K, capacity 142706K, committed 142976K, reserved 1173504K
  class space    used 17226K, capacity 18706K, committed 18816K, reserved 1048576K
}
Event: 94.528 GC heap after
{Heap after GC invocations=100 (full 0):
 garbage-first heap   total 350208K, used 252928K [0x0000000080000000, 0x0000000100000000)
  region size 1024K, 3 young (3072K), 3 survivors (3072K)
 Metaspace       used 138770K, capacity 142706K, committed 142976K, reserved 1173504K
  class space    used 17226K, capacity 18706K, committed 18816K, reserved 1048576K
}
Event: 94.700 GC heap before
{Heap before GC invocations=100 (full 0):
 garbage-first heap   total 350208K, used 268288K [0x0000000080000000, 0x0000000100000000)
  region size 1024K, 17 young (17408K), 3 survivors (3072K)
 Metaspace       used 138770K, capacity 142706K, committed 142976K, reserved 1173504K
  class space    used 17226K, capacity 18706K, committed 18816K, reserved 1048576K
}
Event: 94.744 GC heap after
{Heap after GC invocations=101 (full 0):
 garbage-first heap   total 350208K, used 259072K [0x0000000080000000, 0x0000000100000000)
  region size 1024K, 3 young (3072K), 3 survivors (3072K)
 Metaspace       used 138770K, capacity 142706K, committed 142976K, reserved 1173504K
  class space    used 17226K, capacity 18706K, committed 18816K, reserved 1048576K
}
Event: 94.771 GC heap before
{Heap before GC invocations=101 (full 0):
 garbage-first heap   total 350208K, used 263168K [0x0000000080000000, 0x0000000100000000)
  region size 1024K, 8 young (8192K), 3 survivors (3072K)
 Metaspace       used 138770K, capacity 142706K, committed 142976K, reserved 1173504K
  class space    used 17226K, capacity 18706K, committed 18816K, reserved 1048576K
}
Event: 94.801 GC heap after
{Heap after GC invocations=102 (full 0):
 garbage-first heap   total 350208K, used 262159K [0x0000000080000000, 0x0000000100000000)
  region size 1024K, 3 young (3072K), 3 survivors (3072K)
 Metaspace       used 138770K, capacity 142706K, committed 142976K, reserved 1173504K
  class space    used 17226K, capacity 18706K, committed 18816K, reserved 1048576K
}
Event: 95.047 GC heap before
{Heap before GC invocations=102 (full 0):
 garbage-first heap   total 350208K, used 284687K [0x0000000080000000, 0x0000000100000000)
  region size 1024K, 23 young (23552K), 3 survivors (3072K)
 Metaspace       used 138770K, capacity 142706K, committed 142976K, reserved 1173504K
  class space    used 17226K, capacity 18706K, committed 18816K, reserved 1048576K
}
Event: 95.081 GC heap after
{Heap after GC invocations=103 (full 0):
 garbage-first heap   total 432128K, used 274074K [0x0000000080000000, 0x0000000100000000)
  region size 1024K, 3 young (3072K), 3 survivors (3072K)
 Metaspace       used 138770K, capacity 142706K, committed 142976K, reserved 1173504K
  class space    used 17226K, capacity 18706K, committed 18816K, reserved 1048576K
}
Event: 95.394 GC heap before
{Heap before GC invocations=103 (full 0):
 garbage-first heap   total 432128K, used 291482K [0x0000000080000000, 0x0000000100000000)
  region size 1024K, 21 young (21504K), 3 survivors (3072K)
 Metaspace       used 138948K, capacity 142905K, committed 143232K, reserved 1173504K
  class space    used 17231K, capacity 18706K, committed 18816K, reserved 1048576K
}
Event: 95.432 GC heap after
{Heap after GC invocations=104 (full 0):
 garbage-first heap   total 432128K, used 282273K [0x0000000080000000, 0x0000000100000000)
  region size 1024K, 3 young (3072K), 3 survivors (3072K)
 Metaspace       used 138948K, capacity 142905K, committed 143232K, reserved 1173504K
  class space    used 17231K, capacity 18706K, committed 18816K, reserved 1048576K
}
Event: 95.716 GC heap before
{Heap before GC invocations=104 (full 0):
 garbage-first heap   total 432128K, used 299681K [0x0000000080000000, 0x0000000100000000)
  region size 1024K, 21 young (21504K), 3 survivors (3072K)
 Metaspace       used 139003K, capacity 142973K, committed 143232K, reserved 1173504K
  class space    used 17231K, capacity 18706K, committed 18816K, reserved 1048576K
}
Event: 95.750 GC heap after
{Heap after GC invocations=105 (full 0):
 garbage-first heap   total 432128K, used 291840K [0x0000000080000000, 0x0000000100000000)
  region size 1024K, 3 young (3072K), 3 survivors (3072K)
 Metaspace       used 139003K, capacity 142973K, committed 143232K, reserved 1173504K
  class space    used 17231K, capacity 18706K, committed 18816K, reserved 1048576K
}
Event: 96.144 GC heap before
{Heap before GC invocations=106 (full 0):
 garbage-first heap   total 432128K, used 310272K [0x0000000080000000, 0x0000000100000000)
  region size 1024K, 21 young (21504K), 3 survivors (3072K)
 Metaspace       used 139060K, capacity 143038K, committed 143232K, reserved 1173504K
  class space    used 17231K, capacity 18706K, committed 18816K, reserved 1048576K
}
Event: 96.173 GC heap after
{Heap after GC invocations=107 (full 0):
 garbage-first heap   total 432128K, used 302080K [0x0000000080000000, 0x0000000100000000)
  region size 1024K, 3 young (3072K), 3 survivors (3072K)
 Metaspace       used 139060K, capacity 143038K, committed 143232K, reserved 1173504K
  class space    used 17231K, capacity 18706K, committed 18816K, reserved 1048576K
}
Event: 96.542 GC heap before
{Heap before GC invocations=107 (full 0):
 garbage-first heap   total 432128K, used 320512K [0x0000000080000000, 0x0000000100000000)
  region size 1024K, 21 young (21504K), 3 survivors (3072K)
 Metaspace       used 139061K, capacity 143038K, committed 143232K, reserved 1173504K
  class space    used 17231K, capacity 18706K, committed 18816K, reserved 1048576K
}

