# JRE version: OpenJDK Runtime Environment (11.0.10) (build 11.0.10+0-b96-7249189)
# Java VM: OpenJDK 64-Bit Server VM (11.0.10+0-b96-7249189, mixed mode, tiered, compressed oops, g1 gc, windows-amd64)
Heap:
 garbage-first heap   total 634880K, used 370176K [0x0000000080000000, 0x0000000100000000)
  region size 1024K, 4 young (4096K), 4 survivors (4096K)
 Metaspace       used 164971K, capacity 170360K, committed 170556K, reserved 1198080K
  class space    used 20158K, capacity 22183K, committed 22296K, reserved 1048576K
GC Heap History (20 events):
Event: 1501.847 GC heap after
{Heap after GC invocations=181 (full 0):
 garbage-first heap   total 394240K, used 209994K [0x0000000080000000, 0x0000000100000000)
  region size 1024K, 1 young (1024K), 1 survivors (1024K)
 Metaspace       used 163069K, capacity 168374K, committed 168508K, reserved 1196032K
  class space    used 19983K, capacity 21993K, committed 22040K, reserved 1048576K
}
Event: 1502.695 GC heap before
{Heap before GC invocations=181 (full 0):
 garbage-first heap   total 394240K, used 235594K [0x0000000080000000, 0x0000000100000000)
  region size 1024K, 19 young (19456K), 1 survivors (1024K)
 Metaspace       used 163252K, capacity 168566K, committed 168764K, reserved 1196032K
  class space    used 19984K, capacity 21993K, committed 22040K, reserved 1048576K
}
Event: 1502.707 GC heap after
{Heap after GC invocations=182 (full 0):
 garbage-first heap   total 462848K, used 212292K [0x0000000080000000, 0x0000000100000000)
  region size 1024K, 1 young (1024K), 1 survivors (1024K)
 Metaspace       used 163252K, capacity 168566K, committed 168764K, reserved 1196032K
  class space    used 19984K, capacity 21993K, committed 22040K, reserved 1048576K
}
Event: 1504.603 GC heap before
{Heap before GC invocations=182 (full 0):
 garbage-first heap   total 462848K, used 261444K [0x0000000080000000, 0x0000000100000000)
  region size 1024K, 51 young (52224K), 1 survivors (1024K)
 Metaspace       used 164121K, capacity 169406K, committed 169660K, reserved 1198080K
  class space    used 20082K, capacity 22102K, committed 22168K, reserved 1048576K
}
Event: 1504.609 GC heap after
{Heap after GC invocations=183 (full 0):
 garbage-first heap   total 462848K, used 210998K [0x0000000080000000, 0x0000000100000000)
  region size 1024K, 2 young (2048K), 2 survivors (2048K)
 Metaspace       used 164121K, capacity 169406K, committed 169660K, reserved 1198080K
  class space    used 20082K, capacity 22102K, committed 22168K, reserved 1048576K
}
Event: 1508.505 GC heap before
{Heap before GC invocations=184 (full 0):
 garbage-first heap   total 462848K, used 383030K [0x0000000080000000, 0x0000000100000000)
  region size 1024K, 115 young (117760K), 2 survivors (2048K)
 Metaspace       used 164799K, capacity 170187K, committed 170428K, reserved 1198080K
  class space    used 20151K, capacity 22148K, committed 22168K, reserved 1048576K
}
Event: 1508.531 GC heap after
{Heap after GC invocations=185 (full 0):
 garbage-first heap   total 462848K, used 272946K [0x0000000080000000, 0x0000000100000000)
  region size 1024K, 15 young (15360K), 15 survivors (15360K)
 Metaspace       used 164799K, capacity 170187K, committed 170428K, reserved 1198080K
  class space    used 20151K, capacity 22148K, committed 22168K, reserved 1048576K
}
Event: 1508.563 GC heap before
{Heap before GC invocations=185 (full 0):
 garbage-first heap   total 462848K, used 280114K [0x0000000080000000, 0x0000000100000000)
  region size 1024K, 22 young (22528K), 15 survivors (15360K)
 Metaspace       used 164799K, capacity 170187K, committed 170428K, reserved 1198080K
  class space    used 20151K, capacity 22148K, committed 22168K, reserved 1048576K
}
Event: 1508.584 GC heap after
{Heap after GC invocations=186 (full 0):
 garbage-first heap   total 462848K, used 260751K [0x0000000080000000, 0x0000000100000000)
  region size 1024K, 3 young (3072K), 3 survivors (3072K)
 Metaspace       used 164799K, capacity 170187K, committed 170428K, reserved 1198080K
  class space    used 20151K, capacity 22148K, committed 22168K, reserved 1048576K
}
Event: 1508.655 GC heap before
{Heap before GC invocations=186 (full 0):
 garbage-first heap   total 462848K, used 279183K [0x0000000080000000, 0x0000000100000000)
  region size 1024K, 22 young (22528K), 3 survivors (3072K)
 Metaspace       used 164832K, capacity 170220K, committed 170556K, reserved 1198080K
  class space    used 20154K, capacity 22180K, committed 22296K, reserved 1048576K
}
Event: 1508.681 GC heap after
{Heap after GC invocations=187 (full 0):
 garbage-first heap   total 462848K, used 268943K [0x0000000080000000, 0x0000000100000000)
  region size 1024K, 11 young (11264K), 11 survivors (11264K)
 Metaspace       used 164832K, capacity 170220K, committed 170556K, reserved 1198080K
  class space    used 20154K, capacity 22180K, committed 22296K, reserved 1048576K
}
Event: 1509.003 GC heap before
{Heap before GC invocations=187 (full 0):
 garbage-first heap   total 462848K, used 344719K [0x0000000080000000, 0x0000000100000000)
  region size 1024K, 79 young (80896K), 11 survivors (11264K)
 Metaspace       used 164834K, capacity 170220K, committed 170556K, reserved 1198080K
  class space    used 20154K, capacity 22180K, committed 22296K, reserved 1048576K
}
Event: 1509.092 GC heap after
{Heap after GC invocations=188 (full 0):
 garbage-first heap   total 462848K, used 300883K [0x0000000080000000, 0x0000000100000000)
  region size 1024K, 10 young (10240K), 10 survivors (10240K)
 Metaspace       used 164834K, capacity 170220K, committed 170556K, reserved 1198080K
  class space    used 20154K, capacity 22180K, committed 22296K, reserved 1048576K
}
Event: 1509.960 GC heap before
{Heap before GC invocations=189 (full 0):
 garbage-first heap   total 462848K, used 355155K [0x0000000080000000, 0x0000000100000000)
  region size 1024K, 64 young (65536K), 10 survivors (10240K)
 Metaspace       used 164929K, capacity 170287K, committed 170556K, reserved 1198080K
  class space    used 20154K, capacity 22180K, committed 22296K, reserved 1048576K
}
Event: 1510.117 GC heap after
{Heap after GC invocations=190 (full 0):
 garbage-first heap   total 462848K, used 330240K [0x0000000080000000, 0x0000000100000000)
  region size 1024K, 8 young (8192K), 8 survivors (8192K)
 Metaspace       used 164929K, capacity 170287K, committed 170556K, reserved 1198080K
  class space    used 20154K, capacity 22180K, committed 22296K, reserved 1048576K
}
Event: 1510.453 GC heap before
{Heap before GC invocations=190 (full 0):
 garbage-first heap   total 462848K, used 343552K [0x0000000080000000, 0x0000000100000000)
  region size 1024K, 22 young (22528K), 8 survivors (8192K)
 Metaspace       used 164929K, capacity 170287K, committed 170556K, reserved 1198080K
  class space    used 20154K, capacity 22180K, committed 22296K, reserved 1048576K
}
Event: 1510.498 GC heap after
{Heap after GC invocations=191 (full 0):
 garbage-first heap   total 462848K, used 335360K [0x0000000080000000, 0x0000000100000000)
  region size 1024K, 3 young (3072K), 3 survivors (3072K)
 Metaspace       used 164929K, capacity 170287K, committed 170556K, reserved 1198080K
  class space    used 20154K, capacity 22180K, committed 22296K, reserved 1048576K
}
Event: 1511.178 GC heap before
{Heap before GC invocations=191 (full 0):
 garbage-first heap   total 462848K, used 371200K [0x0000000080000000, 0x0000000100000000)
  region size 1024K, 38 young (38912K), 3 survivors (3072K)
 Metaspace       used 164946K, capacity 170351K, committed 170556K, reserved 1198080K
  class space    used 20154K, capacity 22180K, committed 22296K, reserved 1048576K
}
Event: 1511.217 GC heap after
{Heap after GC invocations=192 (full 0):
 garbage-first heap   total 462848K, used 354304K [0x0000000080000000, 0x0000000100000000)
  region size 1024K, 5 young (5120K), 5 survivors (5120K)
 Metaspace       used 164946K, capacity 170351K, committed 170556K, reserved 1198080K
  class space    used 20154K, capacity 22180K, committed 22296K, reserved 1048576K
}
Event: 1511.673 GC heap before
{Heap before GC invocations=192 (full 0):
 garbage-first heap   total 462848K, used 381952K [0x0000000080000000, 0x0000000100000000)
  region size 1024K, 32 young (32768K), 5 survivors (5120K)
 Metaspace       used 164971K, capacity 170360K, committed 170556K, reserved 1198080K
  class space    used 20158K, capacity 22183K, committed 22296K, reserved 1048576K
}

